<?xml version="1.0" encoding="UTF-8"?>
<!-- Generated by org.testng.reporters.JUnitReportReporter -->
<testsuite hostname="LAPTOP-SV8G013B" failures="0" tests="2" name="Login" time="3.695" errors="0" timestamp="2022-02-16T01:37:42 IST" skipped="0">
  <testcase classname="Login" name="searchArticle" time="0.003"/>
  <system-out/>
  <testcase classname="Login" name="login" time="3.692"/>
  <system-out/>
</testsuite> <!-- Login -->
