<?xml version="1.0" encoding="UTF-8"?>
<!-- Generated by org.testng.reporters.JUnitReportReporter -->
<testsuite hostname="LAPTOP-SV8G013B" failures="0" tests="1" name="logger" time="3.340" errors="0" timestamp="2022-04-01T01:20:19 IST" skipped="0">
  <testcase classname="logger" name="logSample" time="3.340"/>
  <system-out>
    <![CDATA[Browser is opened now
Window is maximized
Google is opened]]>
  </system-out>
</testsuite> <!-- logger -->
