<?xml version="1.0" encoding="UTF-8"?>
<!-- Generated by org.testng.reporters.JUnitReportReporter -->
<testsuite hostname="LAPTOP-SV8G013B" failures="0" tests="3" name="Order" time="0.009" errors="0" timestamp="2022-02-16T02:15:19 IST" skipped="0">
  <testcase classname="Order" name="test3" time="0.001"/>
  <system-out/>
  <testcase classname="Order" name="test2" time="0.002"/>
  <system-out/>
  <testcase classname="Order" name="test" time="0.006"/>
  <system-out/>
</testsuite> <!-- Order -->
