<?xml version="1.0" encoding="UTF-8"?>
<!-- Generated by org.testng.reporters.JUnitReportReporter -->
<testsuite hostname="LAPTOP-SV8G013B" failures="0" tests="3" name="loginBrowser" time="0.009" errors="0" timestamp="2022-02-28T10:29:04 IST" skipped="0">
  <testcase classname="loginBrowser" name="loginTestDataDisplay" time="0.001"/>
  <system-out/>
  <testcase classname="loginBrowser" name="loginTestDataDisplay" time="0.007"/>
  <system-out/>
  <testcase classname="loginBrowser" name="loginTestDataDisplay" time="0.001"/>
  <system-out/>
</testsuite> <!-- loginBrowser -->
