<?xml version="1.0" encoding="UTF-8"?>
<!-- Generated by org.testng.reporters.JUnitReportReporter -->
<testsuite hostname="LAPTOP-SV8G013B" failures="0" tests="2" name="screenshot" time="8.533" errors="0" timestamp="2022-04-04T23:47:28 IST" skipped="0">
  <testcase classname="screenshot" name="takescreenshotLoginButtonClick" time="1.108"/>
  <system-out/>
  <testcase classname="screenshot" name="takescreenshot" time="7.425"/>
  <system-out/>
</testsuite> <!-- screenshot -->
