<?xml version="1.0" encoding="UTF-8"?>
<!-- Generated by org.testng.reporters.JUnitReportReporter -->
<testsuite hostname="LAPTOP-SV8G013B" failures="0" tests="7" name="ValidateTestNg" time="6.743" errors="0" timestamp="2022-02-16T02:49:37 IST" skipped="0">
  <testcase classname="ValidateTestNg" name="test4" time="0.149"/>
  <system-out/>
  <testcase classname="ValidateTestNg" name="test6" time="0.001"/>
  <system-out/>
  <testcase classname="ValidateTestNg" name="test5" time="0.233"/>
  <system-out/>
  <testcase classname="ValidateTestNg" name="test" time="1.936"/>
  <system-out/>
  <testcase classname="ValidateTestNg" name="test1" time="0.027"/>
  <system-out/>
  <testcase classname="ValidateTestNg" name="test2" time="4.089"/>
  <system-out/>
  <testcase classname="ValidateTestNg" name="test3" time="0.308"/>
  <system-out/>
</testsuite> <!-- ValidateTestNg -->
