<?xml version="1.0" encoding="UTF-8"?>
<!-- Generated by org.testng.reporters.JUnitReportReporter -->
<testsuite hostname="LAPTOP-SV8G013B" failures="0" tests="3" name="sameClass" time="0.009" errors="0" timestamp="2022-02-28T10:36:03 IST" skipped="0">
  <testcase classname="sameClass" name="loginTestDataDisplay" time="0.001"/>
  <system-out/>
  <testcase classname="sameClass" name="loginTestDataDisplay" time="0.007"/>
  <system-out/>
  <testcase classname="sameClass" name="loginTestDataDisplay" time="0.001"/>
  <system-out/>
</testsuite> <!-- sameClass -->
