<?xml version="1.0" encoding="UTF-8"?>
<!-- Generated by org.testng.reporters.JUnitReportReporter -->
<testsuite hostname="LAPTOP-SV8G013B" failures="0" tests="4" name="ExtentReport" time="3.268" errors="0" timestamp="2022-04-07T20:04:43 IST" skipped="0">
  <testcase classname="ExtentReport" name="verifyTitle" time="0.021"/>
  <system-out/>
  <testcase classname="ExtentReport" name="goToLogin" time="0.817"/>
  <system-out/>
  <testcase classname="ExtentReport" name="verifyLoginPage" time="0.087"/>
  <system-out/>
  <testcase classname="ExtentReport" name="verifyCredentials" time="2.343"/>
  <system-out/>
</testsuite> <!-- ExtentReport -->
